<?xml version="1.0" encoding="UTF-8"?>
<!-- Generated by org.testng.reporters.JUnitReportReporter -->
<testsuite hostname="Rounit" failures="0" tests="1" name="com.rs.RestAssuredFramework.AppTest" time="0.020" errors="0" timestamp="2023-06-04T23:35:14 IST" skipped="0">
  <testcase classname="com.rs.RestAssuredFramework.AppTest" name="shouldAnswerWithTrue" time="0.020"/>
  <system-out/>
</testsuite> <!-- com.rs.RestAssuredFramework.AppTest -->
