<?xml version="1.0" encoding="UTF-8"?>
<!-- Generated by org.testng.reporters.JUnitReportReporter -->
<testsuite hostname="Rounit" failures="0" tests="3" name="com.spotify.oauth2.tests.PlaylistTests" time="21.929" errors="0" timestamp="2023-06-05T00:04:25 IST" skipped="0">
  <testcase classname="com.spotify.oauth2.tests.PlaylistTests" name="ShouldBeAbleToCreateAPIPlaylist" time="21.037"/>
  <system-out/>
  <testcase classname="com.spotify.oauth2.tests.PlaylistTests" name="ShouldBeAbleTogetAPIPlaylist" time="0.349"/>
  <system-out/>
  <testcase classname="com.spotify.oauth2.tests.PlaylistTests" name="ShouldBeAbleToUpdateAPIPlaylist" time="0.543"/>
  <system-out/>
</testsuite> <!-- com.spotify.oauth2.tests.PlaylistTests -->
